This file contains any messages produced by compilers while
running configure, to aid debugging if configure makes a mistake.

It was created by Phidget21 C Library configure 2.1.8.20111028, which was
generated by GNU Autoconf 2.64.  Invocation command line was

  $ ./configure 

## --------- ##
## Platform. ##
## --------- ##

hostname = a353-valade-lin
uname -m = x86_64
uname -r = 2.6.32-35-generic
uname -s = Linux
uname -v = #78-Ubuntu SMP Tue Oct 11 16:11:24 UTC 2011

/usr/bin/uname -p = unknown
/bin/uname -X     = unknown

/bin/arch              = unknown
/usr/bin/arch -k       = unknown
/usr/convex/getsysinfo = unknown
/usr/bin/hostinfo      = unknown
/bin/machine           = unknown
/usr/bin/oslevel       = unknown
/bin/universe          = unknown

PATH: /usr/lib/jvm/java-6-sun/bin
PATH: .
PATH: /usr/local/texlive/2011/bin/x86_64-linux
PATH: /usr/lib/jvm/java-6-sun/bin
PATH: .
PATH: /usr/local/texlive/2011/bin/x86_64-linux
PATH: /home/eric/bin
PATH: /usr/local/sbin
PATH: /usr/local/bin
PATH: /usr/sbin
PATH: /usr/bin
PATH: /sbin
PATH: /bin
PATH: /usr/games
PATH: /data/htcDesireHd/android-sdk-linux_86/tools
PATH: /data/htcDesireHd/android-sdk-linux_86/platform-tools


## ----------- ##
## Core tests. ##
## ----------- ##

configure:2286: checking for a BSD-compatible install
configure:2354: result: /usr/bin/install -c
configure:2365: checking whether build environment is sane
configure:2415: result: yes
configure:2556: checking for a thread-safe mkdir -p
configure:2595: result: /bin/mkdir -p
configure:2608: checking for gawk
configure:2624: found /usr/bin/gawk
configure:2635: result: gawk
configure:2646: checking whether make sets $(MAKE)
configure:2668: result: yes
configure:2778: checking build system type
configure:2792: result: x86_64-unknown-linux-gnu
configure:2812: checking host system type
configure:2825: result: x86_64-unknown-linux-gnu
configure:2857: checking for style of include used by make
configure:2885: result: GNU
configure:2955: checking for gcc
configure:2971: found /usr/bin/gcc
configure:2982: result: gcc
configure:3211: checking for C compiler version
configure:3220: gcc --version >&5
gcc (Ubuntu 4.4.3-4ubuntu5) 4.4.3
Copyright (C) 2009 Free Software Foundation, Inc.
This is free software; see the source for copying conditions.  There is NO
warranty; not even for MERCHANTABILITY or FITNESS FOR A PARTICULAR PURPOSE.

configure:3231: $? = 0
configure:3220: gcc -v >&5
Using built-in specs.
Target: x86_64-linux-gnu
Configured with: ../src/configure -v --with-pkgversion='Ubuntu 4.4.3-4ubuntu5' --with-bugurl=file:///usr/share/doc/gcc-4.4/README.Bugs --enable-languages=c,c++,fortran,objc,obj-c++ --prefix=/usr --enable-shared --enable-multiarch --enable-linker-build-id --with-system-zlib --libexecdir=/usr/lib --without-included-gettext --enable-threads=posix --with-gxx-include-dir=/usr/include/c++/4.4 --program-suffix=-4.4 --enable-nls --enable-clocale=gnu --enable-libstdcxx-debug --enable-plugin --enable-objc-gc --disable-werror --with-arch-32=i486 --with-tune=generic --enable-checking=release --build=x86_64-linux-gnu --host=x86_64-linux-gnu --target=x86_64-linux-gnu
Thread model: posix
gcc version 4.4.3 (Ubuntu 4.4.3-4ubuntu5) 
configure:3231: $? = 0
configure:3220: gcc -V >&5
gcc: '-V' option must have argument
configure:3231: $? = 1
configure:3220: gcc -qversion >&5
gcc: unrecognized option '-qversion'
gcc: no input files
configure:3231: $? = 1
configure:3253: checking for C compiler default output file name
configure:3275: gcc    conftest.c  >&5
configure:3279: $? = 0
configure:3316: result: a.out
configure:3332: checking whether the C compiler works
configure:3341: ./a.out
configure:3345: $? = 0
configure:3360: result: yes
configure:3367: checking whether we are cross compiling
configure:3369: result: no
configure:3372: checking for suffix of executables
configure:3379: gcc -o conftest    conftest.c  >&5
configure:3383: $? = 0
configure:3405: result: 
configure:3411: checking for suffix of object files
configure:3433: gcc -c   conftest.c >&5
configure:3437: $? = 0
configure:3458: result: o
configure:3462: checking whether we are using the GNU C compiler
configure:3481: gcc -c   conftest.c >&5
configure:3481: $? = 0
configure:3490: result: yes
configure:3499: checking whether gcc accepts -g
configure:3519: gcc -c -g  conftest.c >&5
configure:3519: $? = 0
configure:3560: result: yes
configure:3577: checking for gcc option to accept ISO C89
configure:3641: gcc  -c -g -O2  conftest.c >&5
configure:3641: $? = 0
configure:3654: result: none needed
configure:3676: checking dependency style of gcc
configure:3786: result: gcc3
configure:3801: checking for a sed that does not truncate output
configure:3865: result: /bin/sed
configure:3883: checking for grep that handles long lines and -e
configure:3941: result: /bin/grep
configure:3946: checking for egrep
configure:4008: result: /bin/grep -E
configure:4013: checking for fgrep
configure:4075: result: /bin/grep -F
configure:4110: checking for ld used by gcc
configure:4177: result: /usr/bin/ld
configure:4184: checking if the linker (/usr/bin/ld) is GNU ld
configure:4199: result: yes
configure:4211: checking for BSD- or MS-compatible name lister (nm)
configure:4260: result: /usr/bin/nm -B
configure:4378: checking the name lister (/usr/bin/nm -B) interface
configure:4385: gcc -c -g -O2  conftest.c >&5
configure:4388: /usr/bin/nm -B "conftest.o"
configure:4391: output
0000000000000000 B some_variable
configure:4398: result: BSD nm
configure:4401: checking whether ln -s works
configure:4405: result: yes
configure:4413: checking the maximum length of command line arguments
configure:4533: result: 1572864
configure:4550: checking whether the shell understands some XSI constructs
configure:4560: result: yes
configure:4564: checking whether the shell understands "+="
configure:4570: result: yes
configure:4605: checking for /usr/bin/ld option to reload object files
configure:4612: result: -r
configure:4681: checking for objdump
configure:4697: found /usr/bin/objdump
configure:4708: result: objdump
configure:4740: checking how to recognize dependent libraries
configure:4936: result: pass_all
configure:4996: checking for ar
configure:5012: found /usr/bin/ar
configure:5023: result: ar
configure:5101: checking for strip
configure:5117: found /usr/bin/strip
configure:5128: result: strip
configure:5200: checking for ranlib
configure:5216: found /usr/bin/ranlib
configure:5227: result: ranlib
configure:5317: checking command to parse /usr/bin/nm -B output from gcc object
configure:5435: gcc -c -g -O2  conftest.c >&5
configure:5438: $? = 0
configure:5442: /usr/bin/nm -B conftest.o \| sed -n -e 's/^.*[	 ]\([ABCDGIRSTW][ABCDGIRSTW]*\)[	 ][	 ]*\([_A-Za-z][_A-Za-z0-9]*\)$/\1 \2 \2/p' \> conftest.nm
configure:5445: $? = 0
configure:5499: gcc -o conftest -g -O2   conftest.c conftstm.o >&5
configure:5502: $? = 0
configure:5540: result: ok
configure:5636: gcc -c -g -O2  conftest.c >&5
configure:5639: $? = 0
configure:6349: checking how to run the C preprocessor
configure:6380: gcc -E  conftest.c
configure:6380: $? = 0
configure:6394: gcc -E  conftest.c
conftest.c:11:28: error: ac_nonexistent.h: No such file or directory
configure:6394: $? = 1
configure: failed program was:
| /* confdefs.h */
| #define PACKAGE_NAME "Phidget21 C Library"
| #define PACKAGE_TARNAME "libphidget"
| #define PACKAGE_VERSION "2.1.8.20111028"
| #define PACKAGE_STRING "Phidget21 C Library 2.1.8.20111028"
| #define PACKAGE_BUGREPORT "support@phidgets.com"
| #define PACKAGE_URL "www.phidgets.com"
| #define PACKAGE "libphidget"
| #define VERSION "2.1.8.20111028"
| /* end confdefs.h.  */
| #include <ac_nonexistent.h>
configure:6419: result: gcc -E
configure:6439: gcc -E  conftest.c
configure:6439: $? = 0
configure:6453: gcc -E  conftest.c
conftest.c:11:28: error: ac_nonexistent.h: No such file or directory
configure:6453: $? = 1
configure: failed program was:
| /* confdefs.h */
| #define PACKAGE_NAME "Phidget21 C Library"
| #define PACKAGE_TARNAME "libphidget"
| #define PACKAGE_VERSION "2.1.8.20111028"
| #define PACKAGE_STRING "Phidget21 C Library 2.1.8.20111028"
| #define PACKAGE_BUGREPORT "support@phidgets.com"
| #define PACKAGE_URL "www.phidgets.com"
| #define PACKAGE "libphidget"
| #define VERSION "2.1.8.20111028"
| /* end confdefs.h.  */
| #include <ac_nonexistent.h>
configure:6482: checking for ANSI C header files
configure:6502: gcc -c -g -O2  conftest.c >&5
configure:6502: $? = 0
configure:6575: gcc -o conftest -g -O2   conftest.c  >&5
configure:6575: $? = 0
configure:6575: ./conftest
configure:6575: $? = 0
configure:6586: result: yes
configure:6599: checking for sys/types.h
configure:6599: gcc -c -g -O2  conftest.c >&5
configure:6599: $? = 0
configure:6599: result: yes
configure:6599: checking for sys/stat.h
configure:6599: gcc -c -g -O2  conftest.c >&5
configure:6599: $? = 0
configure:6599: result: yes
configure:6599: checking for stdlib.h
configure:6599: gcc -c -g -O2  conftest.c >&5
configure:6599: $? = 0
configure:6599: result: yes
configure:6599: checking for string.h
configure:6599: gcc -c -g -O2  conftest.c >&5
configure:6599: $? = 0
configure:6599: result: yes
configure:6599: checking for memory.h
configure:6599: gcc -c -g -O2  conftest.c >&5
configure:6599: $? = 0
configure:6599: result: yes
configure:6599: checking for strings.h
configure:6599: gcc -c -g -O2  conftest.c >&5
configure:6599: $? = 0
configure:6599: result: yes
configure:6599: checking for inttypes.h
configure:6599: gcc -c -g -O2  conftest.c >&5
configure:6599: $? = 0
configure:6599: result: yes
configure:6599: checking for stdint.h
configure:6599: gcc -c -g -O2  conftest.c >&5
configure:6599: $? = 0
configure:6599: result: yes
configure:6599: checking for unistd.h
configure:6599: gcc -c -g -O2  conftest.c >&5
configure:6599: $? = 0
configure:6599: result: yes
configure:6614: checking for dlfcn.h
configure:6614: gcc -c -g -O2  conftest.c >&5
configure:6614: $? = 0
configure:6614: result: yes
configure:6798: checking for objdir
configure:6813: result: .libs
configure:7105: checking if gcc supports -fno-rtti -fno-exceptions
configure:7123: gcc -c -g -O2  -fno-rtti -fno-exceptions conftest.c >&5
cc1: warning: command line option "-fno-rtti" is valid for C++/ObjC++ but not for C
configure:7127: $? = 0
configure:7140: result: no
configure:7160: checking for gcc option to produce PIC
configure:7432: result: -fPIC -DPIC
configure:7444: checking if gcc PIC flag -fPIC -DPIC works
configure:7462: gcc -c -g -O2  -fPIC -DPIC -DPIC conftest.c >&5
configure:7466: $? = 0
configure:7479: result: yes
configure:7503: checking if gcc static flag -static works
configure:7531: result: yes
configure:7546: checking if gcc supports -c -o file.o
configure:7567: gcc -c -g -O2  -o out/conftest2.o conftest.c >&5
configure:7571: $? = 0
configure:7593: result: yes
configure:7601: checking if gcc supports -c -o file.o
configure:7648: result: yes
configure:7681: checking whether the gcc linker (/usr/bin/ld -m elf_x86_64) supports shared libraries
configure:8671: result: yes
configure:8708: checking whether -lc should be explicitly linked in
configure:8713: gcc -c -g -O2  conftest.c >&5
configure:8716: $? = 0
configure:8731: gcc -shared conftest.o  -v -Wl,-soname -Wl,conftest -o conftest 2\>\&1 \| /bin/grep  -lc  \>/dev/null 2\>\&1
configure:8734: $? = 0
configure:8746: result: no
configure:8910: checking dynamic linker characteristics
configure:9343: gcc -o conftest -g -O2   -Wl,-rpath -Wl,/foo conftest.c  >&5
configure:9343: $? = 0
configure:9573: result: GNU/Linux ld.so
configure:9675: checking how to hardcode library paths into programs
configure:9700: result: immediate
configure:10220: checking whether stripping libraries is possible
configure:10225: result: yes
configure:10260: checking if libtool supports shared libraries
configure:10262: result: yes
configure:10265: checking whether to build shared libraries
configure:10286: result: yes
configure:10289: checking whether to build static libraries
configure:10293: result: yes
configure:10394: checking for gcc
configure:10421: result: gcc
configure:10650: checking for C compiler version
configure:10659: gcc --version >&5
gcc (Ubuntu 4.4.3-4ubuntu5) 4.4.3
Copyright (C) 2009 Free Software Foundation, Inc.
This is free software; see the source for copying conditions.  There is NO
warranty; not even for MERCHANTABILITY or FITNESS FOR A PARTICULAR PURPOSE.

configure:10670: $? = 0
configure:10659: gcc -v >&5
Using built-in specs.
Target: x86_64-linux-gnu
Configured with: ../src/configure -v --with-pkgversion='Ubuntu 4.4.3-4ubuntu5' --with-bugurl=file:///usr/share/doc/gcc-4.4/README.Bugs --enable-languages=c,c++,fortran,objc,obj-c++ --prefix=/usr --enable-shared --enable-multiarch --enable-linker-build-id --with-system-zlib --libexecdir=/usr/lib --without-included-gettext --enable-threads=posix --with-gxx-include-dir=/usr/include/c++/4.4 --program-suffix=-4.4 --enable-nls --enable-clocale=gnu --enable-libstdcxx-debug --enable-plugin --enable-objc-gc --disable-werror --with-arch-32=i486 --with-tune=generic --enable-checking=release --build=x86_64-linux-gnu --host=x86_64-linux-gnu --target=x86_64-linux-gnu
Thread model: posix
gcc version 4.4.3 (Ubuntu 4.4.3-4ubuntu5) 
configure:10670: $? = 0
configure:10659: gcc -V >&5
gcc: '-V' option must have argument
configure:10670: $? = 1
configure:10659: gcc -qversion >&5
gcc: unrecognized option '-qversion'
gcc: no input files
configure:10670: $? = 1
configure:10674: checking whether we are using the GNU C compiler
configure:10702: result: yes
configure:10711: checking whether gcc accepts -g
configure:10772: result: yes
configure:10789: checking for gcc option to accept ISO C89
configure:10866: result: none needed
configure:10888: checking dependency style of gcc
configure:10998: result: gcc3
configure:11018: checking for ldconfig
configure:11036: found /sbin/ldconfig
configure:11049: result: /sbin/ldconfig
configure:11059: checking for library containing dlopen
configure:11090: gcc -o conftest -g -O2   conftest.c  >&5
/tmp/ccEI3ktK.o: In function `main':
/home/eric/Documents/0_StsIrisPromo1012/1_S3_4/po/phidgetRFID/libphidget-2.1.8.20111028/conftest.c:34: undefined reference to `dlopen'
collect2: ld returned 1 exit status
configure:11090: $? = 1
configure: failed program was:
| /* confdefs.h */
| #define PACKAGE_NAME "Phidget21 C Library"
| #define PACKAGE_TARNAME "libphidget"
| #define PACKAGE_VERSION "2.1.8.20111028"
| #define PACKAGE_STRING "Phidget21 C Library 2.1.8.20111028"
| #define PACKAGE_BUGREPORT "support@phidgets.com"
| #define PACKAGE_URL "www.phidgets.com"
| #define PACKAGE "libphidget"
| #define VERSION "2.1.8.20111028"
| #define STDC_HEADERS 1
| #define HAVE_SYS_TYPES_H 1
| #define HAVE_SYS_STAT_H 1
| #define HAVE_STDLIB_H 1
| #define HAVE_STRING_H 1
| #define HAVE_MEMORY_H 1
| #define HAVE_STRINGS_H 1
| #define HAVE_INTTYPES_H 1
| #define HAVE_STDINT_H 1
| #define HAVE_UNISTD_H 1
| #define HAVE_DLFCN_H 1
| #define LT_OBJDIR ".libs/"
| /* end confdefs.h.  */
| 
| /* Override any GCC internal prototype to avoid an error.
|    Use char because int might match the return type of a GCC
|    builtin and then its argument prototype would still apply.  */
| #ifdef __cplusplus
| extern "C"
| #endif
| char dlopen ();
| int
| main ()
| {
| return dlopen ();
|   ;
|   return 0;
| }
configure:11090: gcc -o conftest -g -O2   conftest.c -ldl   >&5
configure:11090: $? = 0
configure:11107: result: -ldl
configure:11117: checking for library containing sqrt
configure:11148: gcc -o conftest -g -O2   conftest.c -ldl  >&5
conftest.c:30: warning: conflicting types for built-in function 'sqrt'
/tmp/ccGSep6N.o: In function `main':
/home/eric/Documents/0_StsIrisPromo1012/1_S3_4/po/phidgetRFID/libphidget-2.1.8.20111028/conftest.c:34: undefined reference to `sqrt'
collect2: ld returned 1 exit status
configure:11148: $? = 1
configure: failed program was:
| /* confdefs.h */
| #define PACKAGE_NAME "Phidget21 C Library"
| #define PACKAGE_TARNAME "libphidget"
| #define PACKAGE_VERSION "2.1.8.20111028"
| #define PACKAGE_STRING "Phidget21 C Library 2.1.8.20111028"
| #define PACKAGE_BUGREPORT "support@phidgets.com"
| #define PACKAGE_URL "www.phidgets.com"
| #define PACKAGE "libphidget"
| #define VERSION "2.1.8.20111028"
| #define STDC_HEADERS 1
| #define HAVE_SYS_TYPES_H 1
| #define HAVE_SYS_STAT_H 1
| #define HAVE_STDLIB_H 1
| #define HAVE_STRING_H 1
| #define HAVE_MEMORY_H 1
| #define HAVE_STRINGS_H 1
| #define HAVE_INTTYPES_H 1
| #define HAVE_STDINT_H 1
| #define HAVE_UNISTD_H 1
| #define HAVE_DLFCN_H 1
| #define LT_OBJDIR ".libs/"
| /* end confdefs.h.  */
| 
| /* Override any GCC internal prototype to avoid an error.
|    Use char because int might match the return type of a GCC
|    builtin and then its argument prototype would still apply.  */
| #ifdef __cplusplus
| extern "C"
| #endif
| char sqrt ();
| int
| main ()
| {
| return sqrt ();
|   ;
|   return 0;
| }
configure:11148: gcc -o conftest -g -O2   conftest.c -lm  -ldl  >&5
conftest.c:30: warning: conflicting types for built-in function 'sqrt'
configure:11148: $? = 0
configure:11165: result: -lm
configure:11175: checking for library containing pthread_join
configure:11206: gcc -o conftest -g -O2   conftest.c -lm -ldl  >&5
/tmp/cciDoNWW.o: In function `main':
/home/eric/Documents/0_StsIrisPromo1012/1_S3_4/po/phidgetRFID/libphidget-2.1.8.20111028/conftest.c:34: undefined reference to `pthread_join'
collect2: ld returned 1 exit status
configure:11206: $? = 1
configure: failed program was:
| /* confdefs.h */
| #define PACKAGE_NAME "Phidget21 C Library"
| #define PACKAGE_TARNAME "libphidget"
| #define PACKAGE_VERSION "2.1.8.20111028"
| #define PACKAGE_STRING "Phidget21 C Library 2.1.8.20111028"
| #define PACKAGE_BUGREPORT "support@phidgets.com"
| #define PACKAGE_URL "www.phidgets.com"
| #define PACKAGE "libphidget"
| #define VERSION "2.1.8.20111028"
| #define STDC_HEADERS 1
| #define HAVE_SYS_TYPES_H 1
| #define HAVE_SYS_STAT_H 1
| #define HAVE_STDLIB_H 1
| #define HAVE_STRING_H 1
| #define HAVE_MEMORY_H 1
| #define HAVE_STRINGS_H 1
| #define HAVE_INTTYPES_H 1
| #define HAVE_STDINT_H 1
| #define HAVE_UNISTD_H 1
| #define HAVE_DLFCN_H 1
| #define LT_OBJDIR ".libs/"
| /* end confdefs.h.  */
| 
| /* Override any GCC internal prototype to avoid an error.
|    Use char because int might match the return type of a GCC
|    builtin and then its argument prototype would still apply.  */
| #ifdef __cplusplus
| extern "C"
| #endif
| char pthread_join ();
| int
| main ()
| {
| return pthread_join ();
|   ;
|   return 0;
| }
configure:11206: gcc -o conftest -g -O2   conftest.c -lpthread  -lm -ldl  >&5
configure:11206: $? = 0
configure:11223: result: -lpthread
configure:11233: checking for library containing usb_find_busses
configure:11264: gcc -o conftest -g -O2   conftest.c -lpthread -lm -ldl  >&5
/tmp/ccqaLpM4.o: In function `main':
/home/eric/Documents/0_StsIrisPromo1012/1_S3_4/po/phidgetRFID/libphidget-2.1.8.20111028/conftest.c:34: undefined reference to `usb_find_busses'
collect2: ld returned 1 exit status
configure:11264: $? = 1
configure: failed program was:
| /* confdefs.h */
| #define PACKAGE_NAME "Phidget21 C Library"
| #define PACKAGE_TARNAME "libphidget"
| #define PACKAGE_VERSION "2.1.8.20111028"
| #define PACKAGE_STRING "Phidget21 C Library 2.1.8.20111028"
| #define PACKAGE_BUGREPORT "support@phidgets.com"
| #define PACKAGE_URL "www.phidgets.com"
| #define PACKAGE "libphidget"
| #define VERSION "2.1.8.20111028"
| #define STDC_HEADERS 1
| #define HAVE_SYS_TYPES_H 1
| #define HAVE_SYS_STAT_H 1
| #define HAVE_STDLIB_H 1
| #define HAVE_STRING_H 1
| #define HAVE_MEMORY_H 1
| #define HAVE_STRINGS_H 1
| #define HAVE_INTTYPES_H 1
| #define HAVE_STDINT_H 1
| #define HAVE_UNISTD_H 1
| #define HAVE_DLFCN_H 1
| #define LT_OBJDIR ".libs/"
| /* end confdefs.h.  */
| 
| /* Override any GCC internal prototype to avoid an error.
|    Use char because int might match the return type of a GCC
|    builtin and then its argument prototype would still apply.  */
| #ifdef __cplusplus
| extern "C"
| #endif
| char usb_find_busses ();
| int
| main ()
| {
| return usb_find_busses ();
|   ;
|   return 0;
| }
configure:11264: gcc -o conftest -g -O2   conftest.c -lusb  -lpthread -lm -ldl  >&5
configure:11264: $? = 0
configure:11281: result: -lusb
configure:11292: checking for library containing iconv
configure:11323: gcc -o conftest -g -O2   conftest.c -lusb -lpthread -lm -ldl  >&5
configure:11323: $? = 0
configure:11340: result: none required
configure:11747: creating ./config.status

## ---------------------- ##
## Running config.status. ##
## ---------------------- ##

This file was extended by Phidget21 C Library config.status 2.1.8.20111028, which was
generated by GNU Autoconf 2.64.  Invocation command line was

  CONFIG_FILES    = 
  CONFIG_HEADERS  = 
  CONFIG_LINKS    = 
  CONFIG_COMMANDS = 
  $ ./config.status 

on a353-valade-lin

config.status:1004: creating Makefile
config.status:1004: creating examples/Makefile
config.status:1167: executing depfiles commands
config.status:1167: executing libtool commands

## ---------------- ##
## Cache variables. ##
## ---------------- ##

ac_cv_build=x86_64-unknown-linux-gnu
ac_cv_c_compiler_gnu=yes
ac_cv_env_CC_set=
ac_cv_env_CC_value=
ac_cv_env_CFLAGS_set=
ac_cv_env_CFLAGS_value=
ac_cv_env_CPPFLAGS_set=
ac_cv_env_CPPFLAGS_value=
ac_cv_env_CPP_set=
ac_cv_env_CPP_value=
ac_cv_env_LDCONFIG_set=
ac_cv_env_LDCONFIG_value=
ac_cv_env_LDFLAGS_set=
ac_cv_env_LDFLAGS_value=
ac_cv_env_LIBS_set=
ac_cv_env_LIBS_value=
ac_cv_env_build_alias_set=
ac_cv_env_build_alias_value=
ac_cv_env_host_alias_set=
ac_cv_env_host_alias_value=
ac_cv_env_target_alias_set=
ac_cv_env_target_alias_value=
ac_cv_header_dlfcn_h=yes
ac_cv_header_inttypes_h=yes
ac_cv_header_memory_h=yes
ac_cv_header_stdc=yes
ac_cv_header_stdint_h=yes
ac_cv_header_stdlib_h=yes
ac_cv_header_string_h=yes
ac_cv_header_strings_h=yes
ac_cv_header_sys_stat_h=yes
ac_cv_header_sys_types_h=yes
ac_cv_header_unistd_h=yes
ac_cv_host=x86_64-unknown-linux-gnu
ac_cv_objext=o
ac_cv_path_EGREP='/bin/grep -E'
ac_cv_path_FGREP='/bin/grep -F'
ac_cv_path_GREP=/bin/grep
ac_cv_path_LDCONFIG=/sbin/ldconfig
ac_cv_path_SED=/bin/sed
ac_cv_path_install='/usr/bin/install -c'
ac_cv_path_mkdir=/bin/mkdir
ac_cv_prog_AWK=gawk
ac_cv_prog_CPP='gcc -E'
ac_cv_prog_ac_ct_AR=ar
ac_cv_prog_ac_ct_CC=gcc
ac_cv_prog_ac_ct_OBJDUMP=objdump
ac_cv_prog_ac_ct_RANLIB=ranlib
ac_cv_prog_ac_ct_STRIP=strip
ac_cv_prog_cc_c89=
ac_cv_prog_cc_g=yes
ac_cv_prog_make_make_set=yes
ac_cv_search_dlopen=-ldl
ac_cv_search_iconv='none required'
ac_cv_search_pthread_join=-lpthread
ac_cv_search_sqrt=-lm
ac_cv_search_usb_find_busses=-lusb
am_cv_CC_dependencies_compiler_type=gcc3
lt_cv_deplibs_check_method=pass_all
lt_cv_file_magic_cmd='$MAGIC_CMD'
lt_cv_file_magic_test_file=
lt_cv_ld_reload_flag=-r
lt_cv_nm_interface='BSD nm'
lt_cv_objdir=.libs
lt_cv_path_LD=/usr/bin/ld
lt_cv_path_NM='/usr/bin/nm -B'
lt_cv_prog_compiler_c_o=yes
lt_cv_prog_compiler_pic_works=yes
lt_cv_prog_compiler_rtti_exceptions=no
lt_cv_prog_compiler_static_works=yes
lt_cv_prog_gnu_ld=yes
lt_cv_sys_global_symbol_pipe='sed -n -e '\''s/^.*[	 ]\([ABCDGIRSTW][ABCDGIRSTW]*\)[	 ][	 ]*\([_A-Za-z][_A-Za-z0-9]*\)$/\1 \2 \2/p'\'''
lt_cv_sys_global_symbol_to_c_name_address='sed -n -e '\''s/^: \([^ ]*\) $/  {\"\1\", (void *) 0},/p'\'' -e '\''s/^[ABCDGIRSTW]* \([^ ]*\) \([^ ]*\)$/  {"\2", (void *) \&\2},/p'\'''
lt_cv_sys_global_symbol_to_c_name_address_lib_prefix='sed -n -e '\''s/^: \([^ ]*\) $/  {\"\1\", (void *) 0},/p'\'' -e '\''s/^[ABCDGIRSTW]* \([^ ]*\) \(lib[^ ]*\)$/  {"\2", (void *) \&\2},/p'\'' -e '\''s/^[ABCDGIRSTW]* \([^ ]*\) \([^ ]*\)$/  {"lib\2", (void *) \&\2},/p'\'''
lt_cv_sys_global_symbol_to_cdecl='sed -n -e '\''s/^T .* \(.*\)$/extern int \1();/p'\'' -e '\''s/^[ABCDGIRSTW]* .* \(.*\)$/extern char \1;/p'\'''
lt_cv_sys_max_cmd_len=1572864

## ----------------- ##
## Output variables. ##
## ----------------- ##

ACLOCAL='${SHELL} /home/eric/Documents/0_StsIrisPromo1012/1_S3_4/po/phidgetRFID/libphidget-2.1.8.20111028/missing --run aclocal-1.11'
AMDEPBACKSLASH='\'
AMDEP_FALSE='#'
AMDEP_TRUE=''
AMTAR='${SHELL} /home/eric/Documents/0_StsIrisPromo1012/1_S3_4/po/phidgetRFID/libphidget-2.1.8.20111028/missing --run tar'
AM_BACKSLASH='\'
AM_DEFAULT_VERBOSITY='0'
AR='ar'
AUTOCONF='${SHELL} /home/eric/Documents/0_StsIrisPromo1012/1_S3_4/po/phidgetRFID/libphidget-2.1.8.20111028/missing --run autoconf'
AUTOHEADER='${SHELL} /home/eric/Documents/0_StsIrisPromo1012/1_S3_4/po/phidgetRFID/libphidget-2.1.8.20111028/missing --run autoheader'
AUTOMAKE='${SHELL} /home/eric/Documents/0_StsIrisPromo1012/1_S3_4/po/phidgetRFID/libphidget-2.1.8.20111028/missing --run automake-1.11'
AWK='gawk'
CC='gcc'
CCDEPMODE='depmode=gcc3'
CFLAGS='-g -O2'
CPP='gcc -E'
CPPFLAGS=''
CYGPATH_W='echo'
DEBUG_FALSE=''
DEBUG_TRUE='#'
DEFS='-DPACKAGE_NAME=\"Phidget21\ C\ Library\" -DPACKAGE_TARNAME=\"libphidget\" -DPACKAGE_VERSION=\"2.1.8.20111028\" -DPACKAGE_STRING=\"Phidget21\ C\ Library\ 2.1.8.20111028\" -DPACKAGE_BUGREPORT=\"support@phidgets.com\" -DPACKAGE_URL=\"www.phidgets.com\" -DPACKAGE=\"libphidget\" -DVERSION=\"2.1.8.20111028\" -DSTDC_HEADERS=1 -DHAVE_SYS_TYPES_H=1 -DHAVE_SYS_STAT_H=1 -DHAVE_STDLIB_H=1 -DHAVE_STRING_H=1 -DHAVE_MEMORY_H=1 -DHAVE_STRINGS_H=1 -DHAVE_INTTYPES_H=1 -DHAVE_STDINT_H=1 -DHAVE_UNISTD_H=1 -DHAVE_DLFCN_H=1 -DLT_OBJDIR=\".libs/\"'
DEPDIR='.deps'
DSYMUTIL=''
DUMPBIN=''
ECHO_C=''
ECHO_N='-n'
ECHO_T=''
EGREP='/bin/grep -E'
EXEEXT=''
FGREP='/bin/grep -F'
GREP='/bin/grep'
INSTALL_DATA='${INSTALL} -m 644'
INSTALL_PROGRAM='${INSTALL}'
INSTALL_SCRIPT='${INSTALL}'
INSTALL_STRIP_PROGRAM='$(install_sh) -c -s'
INTERNAL_UNICONV_FALSE=''
INTERNAL_UNICONV_TRUE='#'
JNI_FALSE='#'
JNI_TRUE=''
LABVIEW_FALSE=''
LABVIEW_TRUE='#'
LD='/usr/bin/ld -m elf_x86_64'
LDCONFIG='/sbin/ldconfig'
LDFLAGS=''
LIBOBJS=''
LIBS='-lusb -lpthread -lm -ldl '
LIBTOOL='$(SHELL) $(top_builddir)/libtool'
LIPO=''
LN_S='ln -s'
LTLIBOBJS=''
MAKEINFO='${SHELL} /home/eric/Documents/0_StsIrisPromo1012/1_S3_4/po/phidgetRFID/libphidget-2.1.8.20111028/missing --run makeinfo'
MKDIR_P='/bin/mkdir -p'
NM='/usr/bin/nm -B'
NMEDIT=''
OBJDUMP='objdump'
OBJEXT='o'
OTOOL64=''
OTOOL=''
PACKAGE='libphidget'
PACKAGE_BUGREPORT='support@phidgets.com'
PACKAGE_NAME='Phidget21 C Library'
PACKAGE_STRING='Phidget21 C Library 2.1.8.20111028'
PACKAGE_TARNAME='libphidget'
PACKAGE_URL='www.phidgets.com'
PACKAGE_VERSION='2.1.8.20111028'
PATH_SEPARATOR=':'
RANLIB='ranlib'
RUN_LDCONFIG_FALSE='#'
RUN_LDCONFIG_TRUE=''
SED='/bin/sed'
SET_MAKE=''
SHELL='/bin/bash'
STRIP='strip'
VERSION='2.1.8.20111028'
ZEROCONF_AVAHI_FALSE='#'
ZEROCONF_AVAHI_TRUE=''
ZEROCONF_BONJOUR_FALSE=''
ZEROCONF_BONJOUR_TRUE='#'
ZEROCONF_FALSE='#'
ZEROCONF_LOOKUP_FALSE=''
ZEROCONF_LOOKUP_TRUE='#'
ZEROCONF_TRUE=''
ac_ct_CC='gcc'
ac_ct_DUMPBIN=''
am__EXEEXT_FALSE=''
am__EXEEXT_TRUE='#'
am__fastdepCC_FALSE='#'
am__fastdepCC_TRUE=''
am__include='include'
am__isrc=''
am__leading_dot='.'
am__quote=''
am__tar='${AMTAR} chof - "$$tardir"'
am__untar='${AMTAR} xf -'
bindir='${exec_prefix}/bin'
build='x86_64-unknown-linux-gnu'
build_alias=''
build_cpu='x86_64'
build_os='linux-gnu'
build_vendor='unknown'
datadir='${datarootdir}'
datarootdir='${prefix}/share'
docdir='${datarootdir}/doc/${PACKAGE_TARNAME}'
dvidir='${docdir}'
exec_prefix='${prefix}'
host='x86_64-unknown-linux-gnu'
host_alias=''
host_cpu='x86_64'
host_os='linux-gnu'
host_vendor='unknown'
htmldir='${docdir}'
includedir='${prefix}/include'
infodir='${datarootdir}/info'
install_sh='${SHELL} /home/eric/Documents/0_StsIrisPromo1012/1_S3_4/po/phidgetRFID/libphidget-2.1.8.20111028/install-sh'
libdir='${exec_prefix}/lib'
libexecdir='${exec_prefix}/libexec'
localedir='${datarootdir}/locale'
localstatedir='${prefix}/var'
lt_ECHO='echo'
mandir='${datarootdir}/man'
mkdir_p='/bin/mkdir -p'
oldincludedir='/usr/include'
pdfdir='${docdir}'
prefix='/usr'
program_transform_name='s,x,x,'
psdir='${docdir}'
sbindir='${exec_prefix}/sbin'
sharedstatedir='${prefix}/com'
sysconfdir='${prefix}/etc'
target_alias=''

## ----------- ##
## confdefs.h. ##
## ----------- ##

/* confdefs.h */
#define PACKAGE_NAME "Phidget21 C Library"
#define PACKAGE_TARNAME "libphidget"
#define PACKAGE_VERSION "2.1.8.20111028"
#define PACKAGE_STRING "Phidget21 C Library 2.1.8.20111028"
#define PACKAGE_BUGREPORT "support@phidgets.com"
#define PACKAGE_URL "www.phidgets.com"
#define PACKAGE "libphidget"
#define VERSION "2.1.8.20111028"
#define STDC_HEADERS 1
#define HAVE_SYS_TYPES_H 1
#define HAVE_SYS_STAT_H 1
#define HAVE_STDLIB_H 1
#define HAVE_STRING_H 1
#define HAVE_MEMORY_H 1
#define HAVE_STRINGS_H 1
#define HAVE_INTTYPES_H 1
#define HAVE_STDINT_H 1
#define HAVE_UNISTD_H 1
#define HAVE_DLFCN_H 1
#define LT_OBJDIR ".libs/"

configure: exit 0
